<?xml version="1.0" encoding="UTF-8"?>
<!-- Generated by org.testng.reporters.JUnitReportReporter -->
<testsuite hostname="MADHUMITHA" failures="0" tests="1" name="testcases.HomeTest" time="9.753" errors="0" timestamp="2023-02-13T23:05:15 IST" skipped="0">
  <testcase classname="testcases.HomeTest" name="deals" time="9.753"/>
  <system-out/>
</testsuite> <!-- testcases.HomeTest -->
