<?xml version="1.0" encoding="UTF-8"?>
<!-- Generated by org.testng.reporters.JUnitReportReporter -->
<testsuite hostname="MADHUMITHA" failures="0" tests="4" name="testcases.NavigatingMenuTest" time="181.323" errors="0" timestamp="2023-02-16T12:37:37 IST" skipped="0">
  <testcase classname="testcases.NavigatingMenuTest" name="features" time="60.685"/>
  <system-out/>
  <testcase classname="testcases.NavigatingMenuTest" name="menutest" time="38.390"/>
  <system-out/>
  <testcase classname="testcases.NavigatingMenuTest" name="suppots" time="32.027"/>
  <system-out/>
  <testcase classname="testcases.NavigatingMenuTest" name="brandtest" time="50.221"/>
  <system-out/>
</testsuite> <!-- testcases.NavigatingMenuTest -->
