<?xml version="1.0" encoding="UTF-8"?>
<!-- Generated by org.testng.reporters.JUnitReportReporter -->
<testsuite hostname="MADHUMITHA" failures="0" tests="3" name="testcases.BottomlinksTest" time="30.932" errors="0" timestamp="2023-02-19T00:27:17 IST" skipped="0">
  <testcase classname="testcases.BottomlinksTest" name="Bottomlink1" time="8.263"/>
  <system-out/>
  <testcase classname="testcases.BottomlinksTest" name="Bottomlink2" time="13.357"/>
  <system-out/>
  <testcase classname="testcases.BottomlinksTest" name="Bottomlink3" time="9.312"/>
  <system-out/>
</testsuite> <!-- testcases.BottomlinksTest -->
