<?xml version="1.0" encoding="UTF-8"?>
<!-- Generated by org.testng.reporters.JUnitReportReporter -->
<testsuite hostname="MADHUMITHA" failures="0" tests="1" name="testcases.SearchItemTest" time="35.798" errors="0" timestamp="2023-02-18T22:35:31 IST" skipped="0">
  <testcase classname="testcases.SearchItemTest" name="SelectItem" time="35.798"/>
  <system-out/>
</testsuite> <!-- testcases.SearchItemTest -->
