<?xml version="1.0" encoding="UTF-8"?>
<!-- Generated by org.testng.reporters.JUnitReportReporter -->
<testsuite hostname="MADHUMITHA" failures="0" tests="1" name="testcases.SigninTest" time="10.850" errors="0" timestamp="2023-02-14T13:06:44 IST" skipped="0">
  <testcase classname="testcases.SigninTest" name="signin" time="10.850"/>
  <system-out/>
</testsuite> <!-- testcases.SigninTest -->
